# JRE version: Java(TM) SE Runtime Environment (8.0_131-b11) (build 1.8.0_131-b11)
# Java VM: Java HotSpot(TM) 64-Bit Server VM (25.131-b11 mixed mode windows-amd64 compressed oops)
Heap:
 PSYoungGen      total 297984K, used 14351K [0x00000000d5e00000, 0x00000000ed980000, 0x0000000100000000)
  eden space 283136K, 5% used [0x00000000d5e00000,0x00000000d6c03c70,0x00000000e7280000)
  from space 14848K, 0% used [0x00000000e7280000,0x00000000e7280000,0x00000000e8100000)
  to   space 15872K, 0% used [0x00000000eca00000,0x00000000eca00000,0x00000000ed980000)
 ParOldGen       total 119808K, used 35045K [0x0000000081a00000, 0x0000000088f00000, 0x00000000d5e00000)
  object space 119808K, 29% used [0x0000000081a00000,0x0000000083c39678,0x0000000088f00000)
 Metaspace       used 56483K, capacity 59914K, committed 60160K, reserved 1101824K
  class space    used 7537K, capacity 8109K, committed 8192K, reserved 1048576K
GC Heap History (10 events):
Event: 17.089 GC heap before
{Heap before GC invocations=10 (full 2):
 PSYoungGen      total 229888K, used 8486K [0x00000000d5e00000, 0x00000000e5700000, 0x0000000100000000)
  eden space 220160K, 0% used [0x00000000d5e00000,0x00000000d5e00000,0x00000000e3500000)
  from space 9728K, 87% used [0x00000000e3f00000,0x00000000e4749830,0x00000000e4880000)
  to   space 10240K, 0% used [0x00000000e3500000,0x00000000e3500000,0x00000000e3f00000)
 ParOldGen       total 49664K, used 9171K [0x0000000081a00000, 0x0000000084a80000, 0x00000000d5e00000)
  object space 49664K, 18% used [0x0000000081a00000,0x00000000822f4e70,0x0000000084a80000)
 Metaspace       used 33442K, capacity 35310K, committed 35416K, reserved 1079296K
  class space    used 4417K, capacity 4767K, committed 4864K, reserved 1048576K
Event: 17.369 GC heap after
Heap after GC invocations=10 (full 2):
 PSYoungGen      total 229888K, used 0K [0x00000000d5e00000, 0x00000000e5700000, 0x0000000100000000)
  eden space 220160K, 0% used [0x00000000d5e00000,0x00000000d5e00000,0x00000000e3500000)
  from space 9728K, 0% used [0x00000000e3f00000,0x00000000e3f00000,0x00000000e4880000)
  to   space 10240K, 0% used [0x00000000e3500000,0x00000000e3500000,0x00000000e3f00000)
 ParOldGen       total 73728K, used 13385K [0x0000000081a00000, 0x0000000086200000, 0x00000000d5e00000)
  object space 73728K, 18% used [0x0000000081a00000,0x00000000827126c8,0x0000000086200000)
 Metaspace       used 33442K, capacity 35310K, committed 35416K, reserved 1079296K
  class space    used 4417K, capacity 4767K, committed 4864K, reserved 1048576K
}
Event: 26.369 GC heap before
{Heap before GC invocations=11 (full 2):
 PSYoungGen      total 229888K, used 220160K [0x00000000d5e00000, 0x00000000e5700000, 0x0000000100000000)
  eden space 220160K, 100% used [0x00000000d5e00000,0x00000000e3500000,0x00000000e3500000)
  from space 9728K, 0% used [0x00000000e3f00000,0x00000000e3f00000,0x00000000e4880000)
  to   space 10240K, 0% used [0x00000000e3500000,0x00000000e3500000,0x00000000e3f00000)
 ParOldGen       total 73728K, used 13385K [0x0000000081a00000, 0x0000000086200000, 0x00000000d5e00000)
  object space 73728K, 18% used [0x0000000081a00000,0x00000000827126c8,0x0000000086200000)
 Metaspace       used 44095K, capacity 46394K, committed 46720K, reserved 1089536K
  class space    used 5818K, capacity 6243K, committed 6272K, reserved 1048576K
Event: 26.453 GC heap after
Heap after GC invocations=11 (full 2):
 PSYoungGen      total 230400K, used 10236K [0x00000000d5e00000, 0x00000000e8f80000, 0x0000000100000000)
  eden space 220160K, 0% used [0x00000000d5e00000,0x00000000d5e00000,0x00000000e3500000)
  from space 10240K, 99% used [0x00000000e3500000,0x00000000e3eff3b0,0x00000000e3f00000)
  to   space 11776K, 0% used [0x00000000e8400000,0x00000000e8400000,0x00000000e8f80000)
 ParOldGen       total 73728K, used 15003K [0x0000000081a00000, 0x0000000086200000, 0x00000000d5e00000)
  object space 73728K, 20% used [0x0000000081a00000,0x00000000828a6fc0,0x0000000086200000)
 Metaspace       used 44095K, capacity 46394K, committed 46720K, reserved 1089536K
  class space    used 5818K, capacity 6243K, committed 6272K, reserved 1048576K
}
Event: 42.442 GC heap before
{Heap before GC invocations=12 (full 2):
 PSYoungGen      total 230400K, used 230396K [0x00000000d5e00000, 0x00000000e8f80000, 0x0000000100000000)
  eden space 220160K, 100% used [0x00000000d5e00000,0x00000000e3500000,0x00000000e3500000)
  from space 10240K, 99% used [0x00000000e3500000,0x00000000e3eff3b0,0x00000000e3f00000)
  to   space 11776K, 0% used [0x00000000e8400000,0x00000000e8400000,0x00000000e8f80000)
 ParOldGen       total 73728K, used 15003K [0x0000000081a00000, 0x0000000086200000, 0x00000000d5e00000)
  object space 73728K, 20% used [0x0000000081a00000,0x00000000828a6fc0,0x0000000086200000)
 Metaspace       used 49872K, capacity 52748K, committed 52992K, reserved 1095680K
  class space    used 6558K, capacity 7050K, committed 7168K, reserved 1048576K
Event: 42.539 GC heap after
Heap after GC invocations=12 (full 2):
 PSYoungGen      total 294400K, used 11748K [0x00000000d5e00000, 0x00000000e8f80000, 0x0000000100000000)
  eden space 282624K, 0% used [0x00000000d5e00000,0x00000000d5e00000,0x00000000e7200000)
  from space 11776K, 99% used [0x00000000e8400000,0x00000000e8f79360,0x00000000e8f80000)
  to   space 14848K, 0% used [0x00000000e7280000,0x00000000e7280000,0x00000000e8100000)
 ParOldGen       total 73728K, used 19805K [0x0000000081a00000, 0x0000000086200000, 0x00000000d5e00000)
  object space 73728K, 26% used [0x0000000081a00000,0x0000000082d57508,0x0000000086200000)
 Metaspace       used 49872K, capacity 52748K, committed 52992K, reserved 1095680K
  class space    used 6558K, capacity 7050K, committed 7168K, reserved 1048576K
}
Event: 51.316 GC heap before
{Heap before GC invocations=13 (full 2):
 PSYoungGen      total 294400K, used 257700K [0x00000000d5e00000, 0x00000000e8f80000, 0x0000000100000000)
  eden space 282624K, 87% used [0x00000000d5e00000,0x00000000e4e2fde8,0x00000000e7200000)
  from space 11776K, 99% used [0x00000000e8400000,0x00000000e8f79360,0x00000000e8f80000)
  to   space 14848K, 0% used [0x00000000e7280000,0x00000000e7280000,0x00000000e8100000)
 ParOldGen       total 73728K, used 19805K [0x0000000081a00000, 0x0000000086200000, 0x00000000d5e00000)
  object space 73728K, 26% used [0x0000000081a00000,0x0000000082d57508,0x0000000086200000)
 Metaspace       used 55497K, capacity 58870K, committed 59008K, reserved 1099776K
  class space    used 7404K, capacity 7975K, committed 8064K, reserved 1048576K
Event: 51.391 GC heap after
Heap after GC invocations=13 (full 2):
 PSYoungGen      total 297984K, used 12464K [0x00000000d5e00000, 0x00000000ed980000, 0x0000000100000000)
  eden space 283136K, 0% used [0x00000000d5e00000,0x00000000d5e00000,0x00000000e7280000)
  from space 14848K, 83% used [0x00000000e7280000,0x00000000e7eac020,0x00000000e8100000)
  to   space 15872K, 0% used [0x00000000eca00000,0x00000000eca00000,0x00000000ed980000)
 ParOldGen       total 73728K, used 31330K [0x0000000081a00000, 0x0000000086200000, 0x00000000d5e00000)
  object space 73728K, 42% used [0x0000000081a00000,0x00000000838988a8,0x0000000086200000)
 Metaspace       used 55497K, capacity 58870K, committed 59008K, reserved 1099776K
  class space    used 7404K, capacity 7975K, committed 8064K, reserved 1048576K
}
Event: 51.391 GC heap before
{Heap before GC invocations=14 (full 3):
 PSYoungGen      total 297984K, used 12464K [0x00000000d5e00000, 0x00000000ed980000, 0x0000000100000000)
  eden space 283136K, 0% used [0x00000000d5e00000,0x00000000d5e00000,0x00000000e7280000)
  from space 14848K, 83% used [0x00000000e7280000,0x00000000e7eac020,0x00000000e8100000)
  to   space 15872K, 0% used [0x00000000eca00000,0x00000000eca00000,0x00000000ed980000)
 ParOldGen       total 73728K, used 31330K [0x0000000081a00000, 0x0000000086200000, 0x00000000d5e00000)
  object space 73728K, 42% used [0x0000000081a00000,0x00000000838988a8,0x0000000086200000)
 Metaspace       used 55497K, capacity 58870K, committed 59008K, reserved 1099776K
  class space    used 7404K, capacity 7975K, committed 8064K, reserved 1048576K
Event: 51.987 GC heap after
Heap after GC invocations=14 (full 3):
 PSYoungGen      total 297984K, used 0K [0x00000000d5e00000, 0x00000000ed980000, 0x0000000100000000)
  eden space 283136K, 0% used [0x00000000d5e00000,0x00000000d5e00000,0x00000000e7280000)
  from space 14848K, 0% used [0x00000000e7280000,0x00000000e7280000,0x00000000e8100000)
  to   space 15872K, 0% used [0x00000000eca00000,0x00000000eca00000,0x00000000ed980000)
 ParOldGen       total 119808K, used 35045K [0x0000000081a00000, 0x0000000088f00000, 0x00000000d5e00000)
  object space 119808K, 29% used [0x0000000081a00000,0x0000000083c39678,0x0000000088f00000)
 Metaspace       used 55497K, capacity 58870K, committed 59008K, reserved 1099776K
  class space    used 7404K, capacity 7975K, committed 8064K, reserved 1048576K
}

