# JRE version: Java(TM) SE Runtime Environment (8.0_131-b11) (build 1.8.0_131-b11)
# Java VM: Java HotSpot(TM) 64-Bit Server VM (25.131-b11 mixed mode windows-amd64 compressed oops)
Heap:
 PSYoungGen      total 251904K, used 48589K [0x00000000d5e00000, 0x00000000e6e00000, 0x0000000100000000)
  eden space 236544K, 20% used [0x00000000d5e00000,0x00000000d8d73460,0x00000000e4500000)
  from space 15360K, 0% used [0x00000000e5580000,0x00000000e5580000,0x00000000e6480000)
  to   space 16896K, 0% used [0x00000000e4500000,0x00000000e4500000,0x00000000e5580000)
 ParOldGen       total 140800K, used 36517K [0x0000000081a00000, 0x000000008a380000, 0x00000000d5e00000)
  object space 140800K, 25% used [0x0000000081a00000,0x0000000083da9608,0x000000008a380000)
 Metaspace       used 58557K, capacity 62010K, committed 62208K, reserved 1103872K
  class space    used 7810K, capacity 8387K, committed 8448K, reserved 1048576K
GC Heap History (10 events):
Event: 17.821 GC heap before
{Heap before GC invocations=11 (full 2):
 PSYoungGen      total 165888K, used 157184K [0x00000000d5e00000, 0x00000000e3c80000, 0x0000000100000000)
  eden space 157184K, 100% used [0x00000000d5e00000,0x00000000df780000,0x00000000df780000)
  from space 8704K, 0% used [0x00000000e0100000,0x00000000e0100000,0x00000000e0980000)
  to   space 9728K, 0% used [0x00000000df780000,0x00000000df780000,0x00000000e0100000)
 ParOldGen       total 88064K, used 14276K [0x0000000081a00000, 0x0000000087000000, 0x00000000d5e00000)
  object space 88064K, 16% used [0x0000000081a00000,0x00000000827f1390,0x0000000087000000)
 Metaspace       used 39713K, capacity 41958K, committed 42112K, reserved 1085440K
  class space    used 5328K, capacity 5735K, committed 5760K, reserved 1048576K
Event: 17.845 GC heap after
Heap after GC invocations=11 (full 2):
 PSYoungGen      total 166912K, used 8702K [0x00000000d5e00000, 0x00000000e3380000, 0x0000000100000000)
  eden space 157184K, 0% used [0x00000000d5e00000,0x00000000d5e00000,0x00000000df780000)
  from space 9728K, 89% used [0x00000000df780000,0x00000000dffffaf0,0x00000000e0100000)
  to   space 10240K, 0% used [0x00000000e2980000,0x00000000e2980000,0x00000000e3380000)
 ParOldGen       total 88064K, used 14284K [0x0000000081a00000, 0x0000000087000000, 0x00000000d5e00000)
  object space 88064K, 16% used [0x0000000081a00000,0x00000000827f3390,0x0000000087000000)
 Metaspace       used 39713K, capacity 41958K, committed 42112K, reserved 1085440K
  class space    used 5328K, capacity 5735K, committed 5760K, reserved 1048576K
}
Event: 21.438 GC heap before
{Heap before GC invocations=12 (full 2):
 PSYoungGen      total 166912K, used 165886K [0x00000000d5e00000, 0x00000000e3380000, 0x0000000100000000)
  eden space 157184K, 100% used [0x00000000d5e00000,0x00000000df780000,0x00000000df780000)
  from space 9728K, 89% used [0x00000000df780000,0x00000000dffffaf0,0x00000000e0100000)
  to   space 10240K, 0% used [0x00000000e2980000,0x00000000e2980000,0x00000000e3380000)
 ParOldGen       total 88064K, used 14284K [0x0000000081a00000, 0x0000000087000000, 0x00000000d5e00000)
  object space 88064K, 16% used [0x0000000081a00000,0x00000000827f3390,0x0000000087000000)
 Metaspace       used 46096K, capacity 48468K, committed 48768K, reserved 1091584K
  class space    used 6069K, capacity 6492K, committed 6528K, reserved 1048576K
Event: 21.454 GC heap after
Heap after GC invocations=12 (full 2):
 PSYoungGen      total 204288K, used 10214K [0x00000000d5e00000, 0x00000000e3380000, 0x0000000100000000)
  eden space 194048K, 0% used [0x00000000d5e00000,0x00000000d5e00000,0x00000000e1b80000)
  from space 10240K, 99% used [0x00000000e2980000,0x00000000e3379810,0x00000000e3380000)
  to   space 11776K, 0% used [0x00000000e1c80000,0x00000000e1c80000,0x00000000e2800000)
 ParOldGen       total 88064K, used 15878K [0x0000000081a00000, 0x0000000087000000, 0x00000000d5e00000)
  object space 88064K, 18% used [0x0000000081a00000,0x0000000082981ad8,0x0000000087000000)
 Metaspace       used 46096K, capacity 48468K, committed 48768K, reserved 1091584K
  class space    used 6069K, capacity 6492K, committed 6528K, reserved 1048576K
}
Event: 30.455 GC heap before
{Heap before GC invocations=13 (full 2):
 PSYoungGen      total 204288K, used 204262K [0x00000000d5e00000, 0x00000000e3380000, 0x0000000100000000)
  eden space 194048K, 100% used [0x00000000d5e00000,0x00000000e1b80000,0x00000000e1b80000)
  from space 10240K, 99% used [0x00000000e2980000,0x00000000e3379810,0x00000000e3380000)
  to   space 11776K, 0% used [0x00000000e1c80000,0x00000000e1c80000,0x00000000e2800000)
 ParOldGen       total 88064K, used 15878K [0x0000000081a00000, 0x0000000087000000, 0x00000000d5e00000)
  object space 88064K, 18% used [0x0000000081a00000,0x0000000082981ad8,0x0000000087000000)
 Metaspace       used 51251K, capacity 54194K, committed 54400K, reserved 1095680K
  class space    used 6763K, capacity 7259K, committed 7296K, reserved 1048576K
Event: 30.527 GC heap after
Heap after GC invocations=13 (full 2):
 PSYoungGen      total 206848K, used 11748K [0x00000000d5e00000, 0x00000000e6480000, 0x0000000100000000)
  eden space 195072K, 0% used [0x00000000d5e00000,0x00000000d5e00000,0x00000000e1c80000)
  from space 11776K, 99% used [0x00000000e1c80000,0x00000000e27f9360,0x00000000e2800000)
  to   space 15360K, 0% used [0x00000000e5580000,0x00000000e5580000,0x00000000e6480000)
 ParOldGen       total 88064K, used 22402K [0x0000000081a00000, 0x0000000087000000, 0x00000000d5e00000)
  object space 88064K, 25% used [0x0000000081a00000,0x0000000082fe0960,0x0000000087000000)
 Metaspace       used 51251K, capacity 54194K, committed 54400K, reserved 1095680K
  class space    used 6763K, capacity 7259K, committed 7296K, reserved 1048576K
}
Event: 33.613 GC heap before
{Heap before GC invocations=14 (full 2):
 PSYoungGen      total 206848K, used 183937K [0x00000000d5e00000, 0x00000000e6480000, 0x0000000100000000)
  eden space 195072K, 88% used [0x00000000d5e00000,0x00000000e0627498,0x00000000e1c80000)
  from space 11776K, 99% used [0x00000000e1c80000,0x00000000e27f9360,0x00000000e2800000)
  to   space 15360K, 0% used [0x00000000e5580000,0x00000000e5580000,0x00000000e6480000)
 ParOldGen       total 88064K, used 22402K [0x0000000081a00000, 0x0000000087000000, 0x00000000d5e00000)
  object space 88064K, 25% used [0x0000000081a00000,0x0000000082fe0960,0x0000000087000000)
 Metaspace       used 55530K, capacity 58874K, committed 59008K, reserved 1099776K
  class space    used 7400K, capacity 7975K, committed 8064K, reserved 1048576K
Event: 33.669 GC heap after
Heap after GC invocations=14 (full 2):
 PSYoungGen      total 251904K, used 13943K [0x00000000d5e00000, 0x00000000e6e00000, 0x0000000100000000)
  eden space 236544K, 0% used [0x00000000d5e00000,0x00000000d5e00000,0x00000000e4500000)
  from space 15360K, 90% used [0x00000000e5580000,0x00000000e631dd50,0x00000000e6480000)
  to   space 16896K, 0% used [0x00000000e4500000,0x00000000e4500000,0x00000000e5580000)
 ParOldGen       total 88064K, used 29329K [0x0000000081a00000, 0x0000000087000000, 0x00000000d5e00000)
  object space 88064K, 33% used [0x0000000081a00000,0x00000000836a4620,0x0000000087000000)
 Metaspace       used 55530K, capacity 58874K, committed 59008K, reserved 1099776K
  class space    used 7400K, capacity 7975K, committed 8064K, reserved 1048576K
}
Event: 33.669 GC heap before
{Heap before GC invocations=15 (full 3):
 PSYoungGen      total 251904K, used 13943K [0x00000000d5e00000, 0x00000000e6e00000, 0x0000000100000000)
  eden space 236544K, 0% used [0x00000000d5e00000,0x00000000d5e00000,0x00000000e4500000)
  from space 15360K, 90% used [0x00000000e5580000,0x00000000e631dd50,0x00000000e6480000)
  to   space 16896K, 0% used [0x00000000e4500000,0x00000000e4500000,0x00000000e5580000)
 ParOldGen       total 88064K, used 29329K [0x0000000081a00000, 0x0000000087000000, 0x00000000d5e00000)
  object space 88064K, 33% used [0x0000000081a00000,0x00000000836a4620,0x0000000087000000)
 Metaspace       used 55530K, capacity 58874K, committed 59008K, reserved 1099776K
  class space    used 7400K, capacity 7975K, committed 8064K, reserved 1048576K
Event: 34.105 GC heap after
Heap after GC invocations=15 (full 3):
 PSYoungGen      total 251904K, used 0K [0x00000000d5e00000, 0x00000000e6e00000, 0x0000000100000000)
  eden space 236544K, 0% used [0x00000000d5e00000,0x00000000d5e00000,0x00000000e4500000)
  from space 15360K, 0% used [0x00000000e5580000,0x00000000e5580000,0x00000000e6480000)
  to   space 16896K, 0% used [0x00000000e4500000,0x00000000e4500000,0x00000000e5580000)
 ParOldGen       total 140800K, used 36517K [0x0000000081a00000, 0x000000008a380000, 0x00000000d5e00000)
  object space 140800K, 25% used [0x0000000081a00000,0x0000000083da9608,0x000000008a380000)
 Metaspace       used 55530K, capacity 58874K, committed 59008K, reserved 1099776K
  class space    used 7400K, capacity 7975K, committed 8064K, reserved 1048576K
}

